<?xml version="1.0" encoding="UTF-8"?>
<!-- Generated by org.testng.reporters.JUnitXMLReporter -->
<testsuite ignored="0" hostname="LTIN484936" failures="0" tests="3" name="ChromeTest" time="275.806" errors="0" timestamp="2024-05-02T22:46:48 IST">
  <testcase classname="org.beCognizant.tests.TC001" name="page1" time="8.375"/>
  <testcase classname="org.beCognizant.tests.TC001" name="page2" time="11.632"/>
  <testcase classname="org.beCognizant.tests.TC001" name="page3" time="240.777"/>
</testsuite> <!-- ChromeTest -->
