<?xml version="1.0" encoding="UTF-8"?>
<!-- Generated by org.testng.reporters.JUnitXMLReporter -->
<testsuite ignored="0" hostname="LTIN484936" failures="0" tests="3" name="EdgeTest" time="301.703" errors="0" timestamp="2024-05-02T22:51:50 IST">
  <testcase classname="org.beCognizant.tests.TC001" name="page1" time="8.224"/>
  <testcase classname="org.beCognizant.tests.TC001" name="page2" time="39.479"/>
  <testcase classname="org.beCognizant.tests.TC001" name="page3" time="240.302"/>
</testsuite> <!-- EdgeTest -->
